<!-- If you would like to see Logger in test, try play -Dlogger.file=conf/logger.xml -->
<configuration>
    <conversionRule conversionWord="coloredLevel" converterClass="play.api.Logger$ColoredLevel" />

    <appender name="STDOUT" class="ch.qos.logback.core.ConsoleAppender">
        <encoder><pattern>%coloredLevel %logger{15} - %message%n%xException{5}</pattern></encoder>
    </appender>

    <logger name="play" level="ERROR" />
    <logger name="application" level="INFO" />

    <root level="ERROR">
        <appender-ref ref="STDOUT" />
    </root>
</configuration>